<?xml version="1.0" encoding="UTF-8"?>
<!-- Generated by org.testng.reporters.JUnitReportReporter -->
<testsuite hostname="UPENDAR1998" failures="0" tests="1" name="practice.DemoTest" time="0.015" errors="0" timestamp="2023-04-05T19:14:17 IST" skipped="0">
  <testcase classname="practice.DemoTest" name="sample1" time="0.015"/>
  <system-out/>
</testsuite> <!-- practice.DemoTest -->
